# JRE version: OpenJDK Runtime Environment Microsoft-8035246 (17.0.8+7) (build 17.0.8+7-LTS)
# Java VM: OpenJDK 64-Bit Server VM Microsoft-8035246 (17.0.8+7-LTS, mixed mode, sharing, tiered, compressed oops, compressed class ptrs, g1 gc, windows-amd64)
GC Precious Log:
 CPUs: 8 total, 8 available
 Memory: 16151M
 Large Page Support: Disabled
 NUMA Support: Disabled
 Compressed Oops: Enabled (32-bit)
 Heap Region Size: 1M
 Heap Min Capacity: 8M
 Heap Initial Capacity: 254M
 Heap Max Capacity: 2G
 Pre-touch: Disabled
 Parallel Workers: 8
 Concurrent Workers: 2
 Concurrent Refinement Workers: 8
 Periodic GC: Disabled
Heap:
 garbage-first heap   total 353280K, used 274900K [0x0000000080000000, 0x0000000100000000)
  region size 1024K, 38 young (38912K), 8 survivors (8192K)
 Metaspace       used 111457K, committed 112832K, reserved 557056K
  class space    used 15459K, committed 16064K, reserved 425984K
GC Heap History (20 events):
Event: 38.181 GC heap before
{Heap before GC invocations=58 (full 0):
 garbage-first heap   total 249856K, used 214015K [0x0000000080000000, 0x0000000100000000)
  region size 1024K, 22 young (22528K), 4 survivors (4096K)
 Metaspace       used 104172K, committed 105408K, reserved 557056K
  class space    used 14493K, committed 15040K, reserved 425984K
}
Event: 38.185 GC heap after
{Heap after GC invocations=59 (full 0):
 garbage-first heap   total 249856K, used 200704K [0x0000000080000000, 0x0000000100000000)
  region size 1024K, 3 young (3072K), 3 survivors (3072K)
 Metaspace       used 104172K, committed 105408K, reserved 557056K
  class space    used 14493K, committed 15040K, reserved 425984K
}
Event: 38.435 GC heap before
{Heap before GC invocations=60 (full 0):
 garbage-first heap   total 353280K, used 215040K [0x0000000080000000, 0x0000000100000000)
  region size 1024K, 17 young (17408K), 3 survivors (3072K)
 Metaspace       used 104330K, committed 105536K, reserved 557056K
  class space    used 14507K, committed 15040K, reserved 425984K
}
Event: 38.440 GC heap after
{Heap after GC invocations=61 (full 0):
 garbage-first heap   total 353280K, used 203232K [0x0000000080000000, 0x0000000100000000)
  region size 1024K, 3 young (3072K), 3 survivors (3072K)
 Metaspace       used 104330K, committed 105536K, reserved 557056K
  class space    used 14507K, committed 15040K, reserved 425984K
}
Event: 38.581 GC heap before
{Heap before GC invocations=61 (full 0):
 garbage-first heap   total 353280K, used 216544K [0x0000000080000000, 0x0000000100000000)
  region size 1024K, 17 young (17408K), 3 survivors (3072K)
 Metaspace       used 105200K, committed 106368K, reserved 557056K
  class space    used 14645K, committed 15168K, reserved 425984K
}
Event: 38.585 GC heap after
{Heap after GC invocations=62 (full 0):
 garbage-first heap   total 353280K, used 201459K [0x0000000080000000, 0x0000000100000000)
  region size 1024K, 2 young (2048K), 2 survivors (2048K)
 Metaspace       used 105200K, committed 106368K, reserved 557056K
  class space    used 14645K, committed 15168K, reserved 425984K
}
Event: 39.576 GC heap before
{Heap before GC invocations=62 (full 0):
 garbage-first heap   total 353280K, used 276211K [0x0000000080000000, 0x0000000100000000)
  region size 1024K, 75 young (76800K), 2 survivors (2048K)
 Metaspace       used 109004K, committed 110272K, reserved 557056K
  class space    used 15169K, committed 15744K, reserved 425984K
}
Event: 39.583 GC heap after
{Heap after GC invocations=63 (full 0):
 garbage-first heap   total 353280K, used 209693K [0x0000000080000000, 0x0000000100000000)
  region size 1024K, 10 young (10240K), 10 survivors (10240K)
 Metaspace       used 109004K, committed 110272K, reserved 557056K
  class space    used 15169K, committed 15744K, reserved 425984K
}
Event: 40.161 GC heap before
{Heap before GC invocations=63 (full 0):
 garbage-first heap   total 353280K, used 281373K [0x0000000080000000, 0x0000000100000000)
  region size 1024K, 80 young (81920K), 10 survivors (10240K)
 Metaspace       used 109631K, committed 110912K, reserved 557056K
  class space    used 15214K, committed 15808K, reserved 425984K
}
Event: 40.171 GC heap after
{Heap after GC invocations=64 (full 0):
 garbage-first heap   total 353280K, used 217733K [0x0000000080000000, 0x0000000100000000)
  region size 1024K, 8 young (8192K), 8 survivors (8192K)
 Metaspace       used 109631K, committed 110912K, reserved 557056K
  class space    used 15214K, committed 15808K, reserved 425984K
}
Event: 40.672 GC heap before
{Heap before GC invocations=64 (full 0):
 garbage-first heap   total 353280K, used 286341K [0x0000000080000000, 0x0000000100000000)
  region size 1024K, 75 young (76800K), 8 survivors (8192K)
 Metaspace       used 110477K, committed 111808K, reserved 557056K
  class space    used 15354K, committed 16000K, reserved 425984K
}
Event: 40.681 GC heap after
{Heap after GC invocations=65 (full 0):
 garbage-first heap   total 353280K, used 224799K [0x0000000080000000, 0x0000000100000000)
  region size 1024K, 8 young (8192K), 8 survivors (8192K)
 Metaspace       used 110477K, committed 111808K, reserved 557056K
  class space    used 15354K, committed 16000K, reserved 425984K
}
Event: 41.210 GC heap before
{Heap before GC invocations=65 (full 0):
 garbage-first heap   total 353280K, used 288287K [0x0000000080000000, 0x0000000100000000)
  region size 1024K, 71 young (72704K), 8 survivors (8192K)
 Metaspace       used 110990K, committed 112320K, reserved 557056K
  class space    used 15399K, committed 16064K, reserved 425984K
}
Event: 41.219 GC heap after
{Heap after GC invocations=66 (full 0):
 garbage-first heap   total 353280K, used 229603K [0x0000000080000000, 0x0000000100000000)
  region size 1024K, 5 young (5120K), 5 survivors (5120K)
 Metaspace       used 110990K, committed 112320K, reserved 557056K
  class space    used 15399K, committed 16064K, reserved 425984K
}
Event: 41.638 GC heap before
{Heap before GC invocations=66 (full 0):
 garbage-first heap   total 353280K, used 293091K [0x0000000080000000, 0x0000000100000000)
  region size 1024K, 68 young (69632K), 5 survivors (5120K)
 Metaspace       used 111339K, committed 112704K, reserved 557056K
  class space    used 15448K, committed 16064K, reserved 425984K
}
Event: 41.644 GC heap after
{Heap after GC invocations=67 (full 0):
 garbage-first heap   total 353280K, used 234668K [0x0000000080000000, 0x0000000100000000)
  region size 1024K, 9 young (9216K), 9 survivors (9216K)
 Metaspace       used 111339K, committed 112704K, reserved 557056K
  class space    used 15448K, committed 16064K, reserved 425984K
}
Event: 42.068 GC heap before
{Heap before GC invocations=67 (full 0):
 garbage-first heap   total 353280K, used 294060K [0x0000000080000000, 0x0000000100000000)
  region size 1024K, 68 young (69632K), 9 survivors (9216K)
 Metaspace       used 111342K, committed 112704K, reserved 557056K
  class space    used 15448K, committed 16064K, reserved 425984K
}
Event: 42.073 GC heap after
{Heap after GC invocations=68 (full 0):
 garbage-first heap   total 353280K, used 237608K [0x0000000080000000, 0x0000000100000000)
  region size 1024K, 5 young (5120K), 5 survivors (5120K)
 Metaspace       used 111342K, committed 112704K, reserved 557056K
  class space    used 15448K, committed 16064K, reserved 425984K
}
Event: 42.396 GC heap before
{Heap before GC invocations=68 (full 0):
 garbage-first heap   total 353280K, used 300072K [0x0000000080000000, 0x0000000100000000)
  region size 1024K, 63 young (64512K), 5 survivors (5120K)
 Metaspace       used 111370K, committed 112768K, reserved 557056K
  class space    used 15449K, committed 16064K, reserved 425984K
}
Event: 42.402 GC heap after
{Heap after GC invocations=69 (full 0):
 garbage-first heap   total 353280K, used 241108K [0x0000000080000000, 0x0000000100000000)
  region size 1024K, 8 young (8192K), 8 survivors (8192K)
 Metaspace       used 111370K, committed 112768K, reserved 557056K
  class space    used 15449K, committed 16064K, reserved 425984K
}

